<?xml version="1.0" encoding="UTF-8"?>
<testsuite xmlns:xsi="http://www.w3.org/2001/XMLSchema-instance" xsi:noNamespaceSchemaLocation="https://maven.apache.org/surefire/maven-surefire-plugin/xsd/surefire-test-report-3.0.xsd" version="3.0" name="com.elec5619.course_pro_backend.CourseProBackendApplicationTests" time="13.251" tests="1" errors="0" skipped="0" failures="0">
  <properties>
[...]
</properties>
  <testcase name="contextLoads" classname="com.elec5619.course_pro_backend.CourseProBackendApplicationTests" time="0.675">
    <system-out><![CDATA[12:44:38.034 [main] INFO org.springframework.test.context.support.AnnotationConfigContextLoaderUtils -- Could not detect default configuration classes for test class [com.elec5619.course_pro_backend.CourseProBackendApplicationTests]: CourseProBackendApplicationTests does not declare any static, non-private, non-final, nested classes annotated with @Configuration.
12:44:38.522 [main] INFO org.springframework.boot.test.context.SpringBootTestContextBootstrapper -- Found @SpringBootConfiguration com.elec5619.course_pro_backend.CourseProBackendApplication for test class com.elec5619.course_pro_backend.CourseProBackendApplicationTests

  .   ____          _            __ _ _
 /\\ / ___'_ __ _ _(_)_ __  __ _ \ \ \ \
( ( )\___ | '_ | '_| | '_ \/ _` | \ \ \ \
 \\/  ___)| |_)| | | | | || (_| |  ) ) ) )
  '  |____| .__|_| |_|_| |_\__, | / / / /
 =========|_|==============|___/=/_/_/_/

 :: Spring Boot ::                (v3.3.3)

2024-10-25T12:44:39.750+11:00  INFO 24476 --- [           main] c.e.c.CourseProBackendApplicationTests   : Starting CourseProBackendApplicationTests using Java 17.0.10 with PID 24476 (started by 86135 in D:\Course_USYD\Code\5619\Project\Fri-01-04-Lab-Group-11\course_pro\course_pro_backend)
2024-10-25T12:44:39.757+11:00  INFO 24476 --- [           main] c.e.c.CourseProBackendApplicationTests   : No active profile set, falling back to 1 default profile: "default"
2024-10-25T12:44:41.457+11:00  INFO 24476 --- [           main] .s.d.r.c.RepositoryConfigurationDelegate : Bootstrapping Spring Data JPA repositories in DEFAULT mode.
2024-10-25T12:44:41.770+11:00  INFO 24476 --- [           main] .s.d.r.c.RepositoryConfigurationDelegate : Finished Spring Data repository scanning in 287 ms. Found 5 JPA repository interfaces.
2024-10-25T12:44:42.801+11:00  INFO 24476 --- [           main] o.hibernate.jpa.internal.util.LogHelper  : HHH000204: Processing PersistenceUnitInfo [name: default]
2024-10-25T12:44:42.943+11:00  INFO 24476 --- [           main] org.hibernate.Version                    : HHH000412: Hibernate ORM core version 6.5.2.Final
2024-10-25T12:44:43.015+11:00  INFO 24476 --- [           main] o.h.c.internal.RegionFactoryInitiator    : HHH000026: Second-level cache disabled
2024-10-25T12:44:43.856+11:00  INFO 24476 --- [           main] o.s.o.j.p.SpringPersistenceUnitInfo      : No LoadTimeWeaver setup: ignoring JPA class transformer
2024-10-25T12:44:43.916+11:00  INFO 24476 --- [           main] com.zaxxer.hikari.HikariDataSource       : HikariPool-1 - Starting...
2024-10-25T12:44:44.245+11:00  INFO 24476 --- [           main] com.zaxxer.hikari.pool.HikariPool        : HikariPool-1 - Added connection com.mysql.cj.jdbc.ConnectionImpl@57bfaa41
2024-10-25T12:44:44.248+11:00  INFO 24476 --- [           main] com.zaxxer.hikari.HikariDataSource       : HikariPool-1 - Start completed.
2024-10-25T12:44:44.340+11:00  WARN 24476 --- [           main] org.hibernate.orm.deprecation            : HHH90000025: MySQLDialect does not need to be specified explicitly using 'hibernate.dialect' (remove the property setting and it will be selected by default)
2024-10-25T12:44:46.119+11:00  INFO 24476 --- [           main] o.h.e.t.j.p.i.JtaPlatformInitiator       : HHH000489: No JTA platform available (set 'hibernate.transaction.jta.platform' to enable JTA platform integration)
2024-10-25T12:44:46.278+11:00  INFO 24476 --- [           main] j.LocalContainerEntityManagerFactoryBean : Initialized JPA EntityManagerFactory for persistence unit 'default'
JWT secret successfully injected: MY5crEt9JhixfX9Rhc+mJ2LpzE757fjQsdklvY78mfsdjklw=
2024-10-25T12:44:47.178+11:00  INFO 24476 --- [           main] o.s.d.j.r.query.QueryEnhancerFactory     : Hibernate is in classpath; If applicable, HQL parser will be used.
2024-10-25T12:44:48.333+11:00  WARN 24476 --- [           main] JpaBaseConfiguration$JpaWebConfiguration : spring.jpa.open-in-view is enabled by default. Therefore, database queries may be performed during view rendering. Explicitly configure spring.jpa.open-in-view to disable this warning
2024-10-25T12:44:48.377+11:00  WARN 24476 --- [           main] .s.s.UserDetailsServiceAutoConfiguration : 

Using generated security password: 46bbdc60-772b-4e9e-94b6-1d66e9acacb3

This generated password is for development use only. Your security configuration must be updated before running your application in production.

2024-10-25T12:44:48.439+11:00  INFO 24476 --- [           main] r$InitializeUserDetailsManagerConfigurer : Global AuthenticationManager configured with UserDetailsService bean with name inMemoryUserDetailsManager
2024-10-25T12:44:49.774+11:00  INFO 24476 --- [           main] c.e.c.CourseProBackendApplicationTests   : Started CourseProBackendApplicationTests in 10.686 seconds (process running for 14.354)
]]></system-out>
  </testcase>
</testsuite>